[debug] [2023-07-14T18:53:48.069Z] ----------------------------------------------------------------------
[debug] [2023-07-14T18:53:48.073Z] Command:       C:\Program Files\nodejs\node.exe C:\Users\harji\AppData\Roaming\npm\node_modules\firebase-tools\lib\bin\firebase.js emulators:start
[debug] [2023-07-14T18:53:48.073Z] CLI Version:   12.4.4
[debug] [2023-07-14T18:53:48.074Z] Platform:      win32
[debug] [2023-07-14T18:53:48.075Z] Node Version:  v18.16.1
[debug] [2023-07-14T18:53:48.076Z] Time:          Sat Jul 15 2023 00:23:48 GMT+0530 (India Standard Time)
[debug] [2023-07-14T18:53:48.077Z] ----------------------------------------------------------------------
[debug] 
[debug] [2023-07-14T18:53:48.307Z] > command requires scopes: ["email","openid","https://www.googleapis.com/auth/cloudplatformprojects.readonly","https://www.googleapis.com/auth/firebase","https://www.googleapis.com/auth/cloud-platform"]
[debug] [2023-07-14T18:53:48.309Z] > authorizing via signed-in user (1429harjitsingh@gmail.com)
[info] i  emulators: Starting emulators: functions {"metadata":{"emulator":{"name":"hub"},"message":"Starting emulators: functions"}}
[debug] [2023-07-14T18:53:48.331Z] [logging] Logging Emulator only supports listening on one address (127.0.0.1). Not listening on ::1
[warn] !  ui: Emulator UI unable to start on port 4000, starting on 4008 instead. {"metadata":{"emulator":{"name":"ui"},"message":"Emulator UI unable to start on port 4000, starting on 4008 instead."}}
[debug] [2023-07-14T18:53:48.340Z] assigned listening specs for emulators {"user":{"hub":[{"address":"127.0.0.1","family":"IPv4","port":4400},{"address":"::1","family":"IPv6","port":4400}],"logging":[{"address":"127.0.0.1","family":"IPv4","port":4500}],"ui":[{"address":"127.0.0.1","family":"IPv4","port":4008},{"address":"::1","family":"IPv6","port":4008}]},"metadata":{"message":"assigned listening specs for emulators"}}
[warn] !  emulators: It seems that you are running multiple instances of the emulator suite for project clone-6ad6f. This may result in unexpected behavior. 
[debug] [2023-07-14T18:53:48.394Z] [hub] writing locator at C:\Users\harji\AppData\Local\Temp\hub-clone-6ad6f.json
[debug] [2023-07-14T18:53:48.440Z] [functions] Functions Emulator only supports listening on one address (127.0.0.1). Not listening on ::1
[debug] [2023-07-14T18:53:48.440Z] [eventarc] Eventarc Emulator only supports listening on one address (127.0.0.1). Not listening on ::1
[debug] [2023-07-14T18:53:48.441Z] late-assigned ports for functions and eventarc emulators {"user":{"hub":[{"address":"127.0.0.1","family":"IPv4","port":4400},{"address":"::1","family":"IPv6","port":4400}],"logging":[{"address":"127.0.0.1","family":"IPv4","port":4500}],"ui":[{"address":"127.0.0.1","family":"IPv4","port":4008},{"address":"::1","family":"IPv6","port":4008}],"functions":[{"address":"127.0.0.1","family":"IPv4","port":5001}],"eventarc":[{"address":"127.0.0.1","family":"IPv4","port":9299}]},"metadata":{"message":"late-assigned ports for functions and eventarc emulators"}}
[warn] !  functions: The following emulators are not running, calls to these services from the Functions emulator will affect production: auth, firestore, database, hosting, pubsub, storage {"metadata":{"emulator":{"name":"functions"},"message":"The following emulators are not running, calls to these services from the Functions emulator will affect production: \u001b[1mauth, firestore, database, hosting, pubsub, storage\u001b[22m"}}
[debug] [2023-07-14T18:53:48.450Z] defaultcredentials: writing to file C:\Users\harji\AppData\Roaming\firebase\1429harjitsingh_gmail_com_application_default_credentials.json
[debug] [2023-07-14T18:53:48.456Z] Setting GAC to C:\Users\harji\AppData\Roaming\firebase\1429harjitsingh_gmail_com_application_default_credentials.json {"metadata":{"emulator":{"name":"functions"},"message":"Setting GAC to C:\\Users\\harji\\AppData\\Roaming\\firebase\\1429harjitsingh_gmail_com_application_default_credentials.json"}}
[debug] [2023-07-14T18:53:48.460Z] > refreshing access token with scopes: []
[debug] [2023-07-14T18:53:48.464Z] >>> [apiv2][query] POST https://www.googleapis.com/oauth2/v3/token [none]
[debug] [2023-07-14T18:53:48.464Z] >>> [apiv2][body] POST https://www.googleapis.com/oauth2/v3/token [omitted]
[debug] [2023-07-14T18:53:48.722Z] <<< [apiv2][status] POST https://www.googleapis.com/oauth2/v3/token 200
[debug] [2023-07-14T18:53:48.722Z] <<< [apiv2][body] POST https://www.googleapis.com/oauth2/v3/token [omitted]
[debug] [2023-07-14T18:53:48.779Z] >>> [apiv2][query] GET https://firebase.googleapis.com/v1beta1/projects/clone-6ad6f/adminSdkConfig [none]
[debug] [2023-07-14T18:53:49.437Z] <<< [apiv2][status] GET https://firebase.googleapis.com/v1beta1/projects/clone-6ad6f/adminSdkConfig 200
[debug] [2023-07-14T18:53:49.437Z] <<< [apiv2][body] GET https://firebase.googleapis.com/v1beta1/projects/clone-6ad6f/adminSdkConfig {"projectId":"clone-6ad6f","storageBucket":"clone-6ad6f.appspot.com"}
[debug] [2023-07-14T18:53:49.514Z] Ignoring unsupported arg: auto_download {"metadata":{"emulator":{"name":"ui"},"message":"Ignoring unsupported arg: auto_download"}}
[debug] [2023-07-14T18:53:49.514Z] Ignoring unsupported arg: port {"metadata":{"emulator":{"name":"ui"},"message":"Ignoring unsupported arg: port"}}
[debug] [2023-07-14T18:53:49.515Z] Starting Emulator UI with command {"binary":"node","args":["C:\\Users\\harji\\.cache\\firebase\\emulators\\ui-v1.11.7\\server\\server.js"],"optionalArgs":[],"joinArgs":false} {"metadata":{"emulator":{"name":"ui"},"message":"Starting Emulator UI with command {\"binary\":\"node\",\"args\":[\"C:\\\\Users\\\\harji\\\\.cache\\\\firebase\\\\emulators\\\\ui-v1.11.7\\\\server\\\\server.js\"],\"optionalArgs\":[],\"joinArgs\":false}"}}
[info] i  ui: Emulator UI logging to ui-debug.log {"metadata":{"emulator":{"name":"ui"},"message":"Emulator UI logging to \u001b[1mui-debug.log\u001b[22m"}}
[debug] [2023-07-14T18:53:49.887Z] Web / API server started at 127.0.0.1:4008
 {"metadata":{"emulator":{"name":"ui"},"message":"Web / API server started at 127.0.0.1:4008\n"}}
[debug] [2023-07-14T18:53:49.888Z] Web / API server started at ::1:4008
 {"metadata":{"emulator":{"name":"ui"},"message":"Web / API server started at ::1:4008\n"}}
[info] i  functions: Watching "C:\Users\harji\amazon-clone\functions" for Cloud Functions... {"metadata":{"emulator":{"name":"functions"},"message":"Watching \"C:\\Users\\harji\\amazon-clone\\functions\" for Cloud Functions..."}}
[debug] [2023-07-14T18:53:50.093Z] Validating nodejs source
[debug] [2023-07-14T18:53:55.127Z] > [functions] package.json contents: {
  "name": "functions",
  "description": "Cloud Functions for Firebase",
  "scripts": {
    "lint": "eslint .",
    "serve": "firebase emulators:start --only functions",
    "shell": "firebase functions:shell",
    "start": "npm run shell",
    "deploy": "firebase deploy --only functions",
    "logs": "firebase functions:log"
  },
  "engines": {
    "node": "18"
  },
  "main": "index.js",
  "dependencies": {
    "firebase-admin": "^11.8.0",
    "firebase-functions": "^4.3.1"
  },
  "devDependencies": {
    "eslint": "^8.15.0",
    "eslint-config-google": "^0.14.0",
    "firebase-functions-test": "^3.1.0"
  },
  "private": true
}
[debug] [2023-07-14T18:53:55.127Z] Building nodejs source
[debug] [2023-07-14T18:53:55.128Z] Failed to find version of module node: reached end of search path C:\Users\harji\amazon-clone\functions\node_modules
[info] +  functions: Using node@18 from host. 
[debug] [2023-07-14T18:53:55.136Z] Could not find functions.yaml. Must use http discovery
[debug] [2023-07-14T18:53:55.157Z] Found firebase-functions binary at 'C:\Users\harji\amazon-clone\functions\node_modules\.bin\firebase-functions'
[info] Serving at port 8119

[debug] [2023-07-14T18:53:56.997Z] Got response code 400; body Failed to generate manifest from function source: Error: Cannot find module 'stripe'
Require stack:
- C:\Users\harji\amazon-clone\functions\index.js
- C:\Users\harji\amazon-clone\functions\node_modules\firebase-functions\lib\runtime\loader.js
- C:\Users\harji\amazon-clone\functions\node_modules\firebase-functions\lib\bin\firebase-functions.js
[info] shutdown requested via /__/quitquitquit

[error] !!  functions: Failed to load function definition from source: FirebaseError: Functions codebase could not be analyzed successfully. It may have a syntax or runtime error {"metadata":{"emulator":{"name":"functions"},"message":"Failed to load function definition from source: FirebaseError: Functions codebase could not be analyzed successfully. It may have a syntax or runtime error"}}
[info] 
┌─────────────────────────────────────────────────────────────┐
│ ✔  All emulators ready! It is now safe to connect your app. │
│ i  View Emulator UI at http://127.0.0.1:4008/               │
└─────────────────────────────────────────────────────────────┘

┌───────────┬────────────────┬─────────────────────────────────┐
│ Emulator  │ Host:Port      │ View in Emulator UI             │
├───────────┼────────────────┼─────────────────────────────────┤
│ Functions │ 127.0.0.1:5001 │ http://127.0.0.1:4008/functions │
└───────────┴────────────────┴─────────────────────────────────┘
  Emulator Hub running at 127.0.0.1:4400
  Other reserved ports: 4500

Issues? Report them at https://github.com/firebase/firebase-tools/issues and attach the *-debug.log files.
 
[debug] [2023-07-14T18:54:15.916Z] Received signal SIGHUP 1
